<?xml version="1.0" encoding="UTF-8"?>
<!-- Generated by org.testng.reporters.JUnitXMLReporter -->
<testsuite ignored="2" hostname="CPDK109" failures="0" tests="1" name="Test(failed)(failed)" time="13.675" errors="0" timestamp="2025-08-22T12:31:36 IST">
  <testcase classname="TestNGClasses.NewTest101_Test" name="loginedge" time="13.572"/>
  <testcase classname="TestNGClasses.NewTest101_Test" name="loginfirefox" time="0.0">
    <ignored/>
  </testcase> <!-- loginfirefox -->
  <testcase classname="TestNGClasses.NewTest101_Test" name="loginchrome" time="0.0">
    <ignored/>
  </testcase> <!-- loginchrome -->
</testsuite> <!-- Test(failed)(failed) -->
