<?xml version="1.0" encoding="UTF-8"?>
<!-- Generated by org.testng.reporters.JUnitXMLReporter -->
<testsuite ignored="3" hostname="CPDK109" failures="0" tests="4" name="Test" time="0.188" errors="0" timestamp="2025-08-22T12:49:29 IST">
  <testcase classname="TestNGClasses.GroupTestNG" name="f3" time="0.024"/>
  <testcase classname="TestNGClasses.GroupTestNG" name="f5" time="0.022"/>
  <testcase classname="TestNGClasses.GroupTestNG" name="f7" time="0.023"/>
  <testcase classname="TestNGClasses.GroupTestNG" name="f1" time="0.023"/>
  <testcase classname="TestNGClasses.GroupTestNG" name="f4" time="0.0">
    <ignored/>
  </testcase> <!-- f4 -->
  <testcase classname="TestNGClasses.GroupTestNG" name="f6" time="0.0">
    <ignored/>
  </testcase> <!-- f6 -->
  <testcase classname="TestNGClasses.GroupTestNG" name="f2" time="0.0">
    <ignored/>
  </testcase> <!-- f2 -->
</testsuite> <!-- Test -->
